<?xml version="1.0" encoding="UTF-8"?>
<!-- Generated by org.testng.reporters.JUnitReportReporter -->
<testsuite hostname="sairam" failures="0" tests="2" name="com.testleaftestcases.Runnerr" time="19.280" errors="0" timestamp="2022-07-09T11:30:47 AEST" skipped="0">
  <testcase classname="com.testleaftestcases.Runnerr" name="runScenario" time="10.726"/>
  <system-out/>
  <testcase classname="com.testleaftestcases.Runnerr" name="runScenario" time="8.554"/>
  <system-out/>
</testsuite> <!-- com.testleaftestcases.Runnerr -->
